<?xml version="1.0" encoding="UTF-8"?>
<!-- Generated by org.testng.reporters.JUnitReportReporter -->
<testsuite hostname="DESKTOP-RSP3RN4" failures="0" tests="2" name="Grid.LoginTestOnWindowsUsingChrome" time="19.328" errors="0" timestamp="21 Jun 2023 13:32:48 GMT" skipped="0">
  <testcase classname="Grid.LoginTestOnWindowsUsingChrome" name="setup" time="5.990"/>
  <testcase classname="Grid.LoginTestOnWindowsUsingChrome" name="login" time="13.338"/>
</testsuite> <!-- Grid.LoginTestOnWindowsUsingChrome -->
